<?xml version="1.0" encoding="UTF-8"?>
<!-- Generated by org.testng.reporters.JUnitReportReporter -->
<testsuite hostname="DESKTOP-TONHVC3" failures="0" tests="1" name="com.windowhandles.SwitchToParentWindow" time="5.936" errors="0" timestamp="2022-08-18T08:36:48 GMT-07:00" skipped="0">
  <testcase classname="com.windowhandles.SwitchToParentWindow" name="initBrowser" time="5.936"/>
  <system-out/>
</testsuite> <!-- com.windowhandles.SwitchToParentWindow -->
